INFO [2025-06-25 16:49:53] $x
INFO [2025-06-25 16:49:53] list(Rubina = rubina_set, Sumitra = sumitra_set)
INFO [2025-06-25 16:49:53] 
INFO [2025-06-25 16:49:53] $filename
INFO [2025-06-25 16:49:53] NULL
INFO [2025-06-25 16:49:53] 
INFO [2025-06-25 16:49:53] $fill
INFO [2025-06-25 16:49:53] c("tomato", "steelblue")
INFO [2025-06-25 16:49:53] 
INFO [2025-06-25 16:49:53] $alpha
INFO [2025-06-25 16:49:53] [1] 0.5
INFO [2025-06-25 16:49:53] 
INFO [2025-06-25 16:49:53] $cex
INFO [2025-06-25 16:49:53] [1] 2
INFO [2025-06-25 16:49:53] 
INFO [2025-06-25 16:49:53] $cat.cex
INFO [2025-06-25 16:49:53] [1] 1.5
INFO [2025-06-25 16:49:53] 
INFO [2025-06-25 16:49:53] $main
INFO [2025-06-25 16:49:53] [1] "Platelet Activation (hsa04611) Gene Overlap"
INFO [2025-06-25 16:49:53] 
